draws: [7, 4, 9, 5, 11, 17, 23, 2, 0, 14, 21, 24, 10, 16, 13, 6, 15, 25, 12, 22, 18, 20, 8, 19, 3, 26, 1]
Board.init(0, [[22, 13, 17, 11, 0], [8, 2, 23, 4, 24], [21, 9, 14, 16, 7], [6, 10, 3, 18, 5], [1, 12, 20, 15, 19], [22, 8, 21, 6, 1], [13, 2, 9, 10, 12], [17, 23, 14, 3, 20], [11, 4, 16, 18, 15], [0, 24, 7, 5, 19]])...
Board.init(1, [[3, 15, 0, 2, 22], [9, 18, 13, 17, 5], [19, 8, 7, 25, 23], [20, 11, 10, 24, 4], [14, 21, 16, 12, 6], [3, 9, 19, 20, 14], [15, 18, 8, 11, 21], [0, 13, 7, 10, 16], [2, 17, 25, 24, 12], [22, 5, 23, 4, 6]])...
Board.init(2, [[14, 21, 17, 24, 4], [10, 16, 15, 9, 19], [18, 8, 23, 26, 20], [22, 11, 13, 6, 5], [2, 0, 12, 3, 7], [14, 10, 18, 22, 2], [21, 16, 8, 11, 0], [17, 15, 23, 13, 12], [24, 9, 26, 6, 3], [4, 19, 20, 5, 7]])...
Board 0: last_hit:0 score=0
  [22, 13, 17, 11, 0]
  [8, 2, 23, 4, 24]
  [21, 9, 14, 16, 7]
  [6, 10, 3, 18, 5]
  [1, 12, 20, 15, 19]
  [22, 8, 21, 6, 1]
  [13, 2, 9, 10, 12]
  [17, 23, 14, 3, 20]
  [11, 4, 16, 18, 15]
  [0, 24, 7, 5, 19]
Board 1: last_hit:0 score=0
  [3, 15, 0, 2, 22]
  [9, 18, 13, 17, 5]
  [19, 8, 7, 25, 23]
  [20, 11, 10, 24, 4]
  [14, 21, 16, 12, 6]
  [3, 9, 19, 20, 14]
  [15, 18, 8, 11, 21]
  [0, 13, 7, 10, 16]
  [2, 17, 25, 24, 12]
  [22, 5, 23, 4, 6]
Board 2: last_hit:0 score=0
  [14, 21, 17, 24, 4]
  [10, 16, 15, 9, 19]
  [18, 8, 23, 26, 20]
  [22, 11, 13, 6, 5]
  [2, 0, 12, 3, 7]
  [14, 10, 18, 22, 2]
  [21, 16, 8, 11, 0]
  [17, 15, 23, 13, 12]
  [24, 9, 26, 6, 3]
  [4, 19, 20, 5, 7]
Play 7 on board 2: 
Board 2: last_hit:0 score=0
  [14, 21, 17, 24, 4]
  [10, 16, 15, 9, 19]
  [18, 8, 23, 26, 20]
  [22, 11, 13, 6, 5]
  [2, 0, 12, 3, 7]
  [14, 10, 18, 22, 2]
  [21, 16, 8, 11, 0]
  [17, 15, 23, 13, 12]
  [24, 9, 26, 6, 3]
  [4, 19, 20, 5, 7]
Play 7 on board 1: 
Board 1: last_hit:0 score=0
  [3, 15, 0, 2, 22]
  [9, 18, 13, 17, 5]
  [19, 8, 7, 25, 23]
  [20, 11, 10, 24, 4]
  [14, 21, 16, 12, 6]
  [3, 9, 19, 20, 14]
  [15, 18, 8, 11, 21]
  [0, 13, 7, 10, 16]
  [2, 17, 25, 24, 12]
  [22, 5, 23, 4, 6]
Play 7 on board 0: 
Board 0: last_hit:0 score=0
  [22, 13, 17, 11, 0]
  [8, 2, 23, 4, 24]
  [21, 9, 14, 16, 7]
  [6, 10, 3, 18, 5]
  [1, 12, 20, 15, 19]
  [22, 8, 21, 6, 1]
  [13, 2, 9, 10, 12]
  [17, 23, 14, 3, 20]
  [11, 4, 16, 18, 15]
  [0, 24, 7, 5, 19]
Play 4 on board 2: 
Board 2: last_hit:7 score=2226
  [14, 21, 17, 24, 4]
  [10, 16, 15, 9, 19]
  [18, 8, 23, 26, 20]
  [22, 11, 13, 6, 5]
  [2, 0, 12, 3]
  [14, 10, 18, 22, 2]
  [21, 16, 8, 11, 0]
  [17, 15, 23, 13, 12]
  [24, 9, 26, 6, 3]
  [4, 19, 20, 5]
Play 4 on board 1: 
Board 1: last_hit:7 score=2219
  [3, 15, 0, 2, 22]
  [9, 18, 13, 17, 5]
  [19, 8, 25, 23]
  [20, 11, 10, 24, 4]
  [14, 21, 16, 12, 6]
  [3, 9, 19, 20, 14]
  [15, 18, 8, 11, 21]
  [0, 13, 10, 16]
  [2, 17, 25, 24, 12]
  [22, 5, 23, 4, 6]
Play 4 on board 0: 
Board 0: last_hit:7 score=2051
  [22, 13, 17, 11, 0]
  [8, 2, 23, 4, 24]
  [21, 9, 14, 16]
  [6, 10, 3, 18, 5]
  [1, 12, 20, 15, 19]
  [22, 8, 21, 6, 1]
  [13, 2, 9, 10, 12]
  [17, 23, 14, 3, 20]
  [11, 4, 16, 18, 15]
  [0, 24, 5, 19]
Play 9 on board 2: 
Board 2: last_hit:4 score=1256
  [14, 21, 17, 24]
  [10, 16, 15, 9, 19]
  [18, 8, 23, 26, 20]
  [22, 11, 13, 6, 5]
  [2, 0, 12, 3]
  [14, 10, 18, 22, 2]
  [21, 16, 8, 11, 0]
  [17, 15, 23, 13, 12]
  [24, 9, 26, 6, 3]
  [19, 20, 5]
Play 9 on board 1: 
Board 1: last_hit:4 score=1252
  [3, 15, 0, 2, 22]
  [9, 18, 13, 17, 5]
  [19, 8, 25, 23]
  [20, 11, 10, 24]
  [14, 21, 16, 12, 6]
  [3, 9, 19, 20, 14]
  [15, 18, 8, 11, 21]
  [0, 13, 10, 16]
  [2, 17, 25, 24, 12]
  [22, 5, 23, 6]
Play 9 on board 0: 
Board 0: last_hit:4 score=1156
  [22, 13, 17, 11, 0]
  [8, 2, 23, 24]
  [21, 9, 14, 16]
  [6, 10, 3, 18, 5]
  [1, 12, 20, 15, 19]
  [22, 8, 21, 6, 1]
  [13, 2, 9, 10, 12]
  [17, 23, 14, 3, 20]
  [11, 16, 18, 15]
  [0, 24, 5, 19]
Play 5 on board 2: 
Board 2: last_hit:9 score=2745
  [14, 21, 17, 24]
  [10, 16, 15, 19]
  [18, 8, 23, 26, 20]
  [22, 11, 13, 6, 5]
  [2, 0, 12, 3]
  [14, 10, 18, 22, 2]
  [21, 16, 8, 11, 0]
  [17, 15, 23, 13, 12]
  [24, 26, 6, 3]
  [19, 20, 5]
Play 5 on board 1: 
Board 1: last_hit:9 score=2736
  [3, 15, 0, 2, 22]
  [18, 13, 17, 5]
  [19, 8, 25, 23]
  [20, 11, 10, 24]
  [14, 21, 16, 12, 6]
  [3, 19, 20, 14]
  [15, 18, 8, 11, 21]
  [0, 13, 10, 16]
  [2, 17, 25, 24, 12]
  [22, 5, 23, 6]
Play 5 on board 0: 
Board 0: last_hit:9 score=2520
  [22, 13, 17, 11, 0]
  [8, 2, 23, 24]
  [21, 14, 16]
  [6, 10, 3, 18, 5]
  [1, 12, 20, 15, 19]
  [22, 8, 21, 6, 1]
  [13, 2, 10, 12]
  [17, 23, 14, 3, 20]
  [11, 16, 18, 15]
  [0, 24, 5, 19]
Play 11 on board 2: 
Board 2: last_hit:5 score=1500
  [14, 21, 17, 24]
  [10, 16, 15, 19]
  [18, 8, 23, 26, 20]
  [22, 11, 13, 6]
  [2, 0, 12, 3]
  [14, 10, 18, 22, 2]
  [21, 16, 8, 11, 0]
  [17, 15, 23, 13, 12]
  [24, 26, 6, 3]
  [19, 20]
Play 11 on board 1: 
Board 1: last_hit:5 score=1495
  [3, 15, 0, 2, 22]
  [18, 13, 17]
  [19, 8, 25, 23]
  [20, 11, 10, 24]
  [14, 21, 16, 12, 6]
  [3, 19, 20, 14]
  [15, 18, 8, 11, 21]
  [0, 13, 10, 16]
  [2, 17, 25, 24, 12]
  [22, 23, 6]
Play 11 on board 0: 
Board 0: last_hit:5 score=1375
  [22, 13, 17, 11, 0]
  [8, 2, 23, 24]
  [21, 14, 16]
  [6, 10, 3, 18]
  [1, 12, 20, 15, 19]
  [22, 8, 21, 6, 1]
  [13, 2, 10, 12]
  [17, 23, 14, 3, 20]
  [11, 16, 18, 15]
  [0, 24, 19]
Play 17 on board 2: 
Board 2: last_hit:11 score=3179
  [14, 21, 17, 24]
  [10, 16, 15, 19]
  [18, 8, 23, 26, 20]
  [22, 13, 6]
  [2, 0, 12, 3]
  [14, 10, 18, 22, 2]
  [21, 16, 8, 0]
  [17, 15, 23, 13, 12]
  [24, 26, 6, 3]
  [19, 20]
Play 17 on board 1: 
Board 1: last_hit:11 score=3168
  [3, 15, 0, 2, 22]
  [18, 13, 17]
  [19, 8, 25, 23]
  [20, 10, 24]
  [14, 21, 16, 12, 6]
  [3, 19, 20, 14]
  [15, 18, 8, 21]
  [0, 13, 10, 16]
  [2, 17, 25, 24, 12]
  [22, 23, 6]
Play 17 on board 0: 
Board 0: last_hit:11 score=2904
  [22, 13, 17, 0]
  [8, 2, 23, 24]
  [21, 14, 16]
  [6, 10, 3, 18]
  [1, 12, 20, 15, 19]
  [22, 8, 21, 6, 1]
  [13, 2, 10, 12]
  [17, 23, 14, 3, 20]
  [16, 18, 15]
  [0, 24, 19]
Play 23 on board 2: 
Board 2: last_hit:17 score=4624
  [14, 21, 24]
  [10, 16, 15, 19]
  [18, 8, 23, 26, 20]
  [22, 13, 6]
  [2, 0, 12, 3]
  [14, 10, 18, 22, 2]
  [21, 16, 8, 0]
  [15, 23, 13, 12]
  [24, 26, 6, 3]
  [19, 20]
Play 23 on board 1: 
Board 1: last_hit:17 score=4607
  [3, 15, 0, 2, 22]
  [18, 13]
  [19, 8, 25, 23]
  [20, 10, 24]
  [14, 21, 16, 12, 6]
  [3, 19, 20, 14]
  [15, 18, 8, 21]
  [0, 13, 10, 16]
  [2, 25, 24, 12]
  [22, 23, 6]
Play 23 on board 0: 
Board 0: last_hit:17 score=4199
  [22, 13, 0]
  [8, 2, 23, 24]
  [21, 14, 16]
  [6, 10, 3, 18]
  [1, 12, 20, 15, 19]
  [22, 8, 21, 6, 1]
  [13, 2, 10, 12]
  [23, 14, 3, 20]
  [16, 18, 15]
  [0, 24, 19]
Play 2 on board 2: 
Board 2: last_hit:23 score=5727
  [14, 21, 24]
  [10, 16, 15, 19]
  [18, 8, 26, 20]
  [22, 13, 6]
  [2, 0, 12, 3]
  [14, 10, 18, 22, 2]
  [21, 16, 8, 0]
  [15, 13, 12]
  [24, 26, 6, 3]
  [19, 20]
Play 2 on board 1: 
Board 1: last_hit:23 score=5704
  [3, 15, 0, 2, 22]
  [18, 13]
  [19, 8, 25]
  [20, 10, 24]
  [14, 21, 16, 12, 6]
  [3, 19, 20, 14]
  [15, 18, 8, 21]
  [0, 13, 10, 16]
  [2, 25, 24, 12]
  [22, 6]
Play 2 on board 0: 
Board 0: last_hit:23 score=5152
  [22, 13, 0]
  [8, 2, 24]
  [21, 14, 16]
  [6, 10, 3, 18]
  [1, 12, 20, 15, 19]
  [22, 8, 21, 6, 1]
  [13, 2, 10, 12]
  [14, 3, 20]
  [16, 18, 15]
  [0, 24, 19]
Play 0 on board 2: 
Board 2: last_hit:2 score=494
  [14, 21, 24]
  [10, 16, 15, 19]
  [18, 8, 26, 20]
  [22, 13, 6]
  [0, 12, 3]
  [14, 10, 18, 22]
  [21, 16, 8, 0]
  [15, 13, 12]
  [24, 26, 6, 3]
  [19, 20]
Play 0 on board 1: 
Board 1: last_hit:2 score=492
  [3, 15, 0, 22]
  [18, 13]
  [19, 8, 25]
  [20, 10, 24]
  [14, 21, 16, 12, 6]
  [3, 19, 20, 14]
  [15, 18, 8, 21]
  [0, 13, 10, 16]
  [25, 24, 12]
  [22, 6]
Play 0 on board 0: 
Board 0: last_hit:2 score=444
  [22, 13, 0]
  [8, 24]
  [21, 14, 16]
  [6, 10, 3, 18]
  [1, 12, 20, 15, 19]
  [22, 8, 21, 6, 1]
  [13, 10, 12]
  [14, 3, 20]
  [16, 18, 15]
  [0, 24, 19]
Play 14 on board 2: 
Board 2: last_hit:0 score=0
  [14, 21, 24]
  [10, 16, 15, 19]
  [18, 8, 26, 20]
  [22, 13, 6]
  [12, 3]
  [14, 10, 18, 22]
  [21, 16, 8]
  [15, 13, 12]
  [24, 26, 6, 3]
  [19, 20]
Play 14 on board 1: 
Board 1: last_hit:0 score=0
  [3, 15, 22]
  [18, 13]
  [19, 8, 25]
  [20, 10, 24]
  [14, 21, 16, 12, 6]
  [3, 19, 20, 14]
  [15, 18, 8, 21]
  [13, 10, 16]
  [25, 24, 12]
  [22, 6]
Play 14 on board 0: 
Board 0: last_hit:0 score=0
  [22, 13]
  [8, 24]
  [21, 14, 16]
  [6, 10, 3, 18]
  [1, 12, 20, 15, 19]
  [22, 8, 21, 6, 1]
  [13, 10, 12]
  [14, 3, 20]
  [16, 18, 15]
  [24, 19]
Play 21 on board 2: 
Board 2: last_hit:14 score=3262
  [21, 24]
  [10, 16, 15, 19]
  [18, 8, 26, 20]
  [22, 13, 6]
  [12, 3]
  [10, 18, 22]
  [21, 16, 8]
  [15, 13, 12]
  [24, 26, 6, 3]
  [19, 20]
Play 21 on board 1: 
Board 1: last_hit:14 score=3248
  [3, 15, 22]
  [18, 13]
  [19, 8, 25]
  [20, 10, 24]
  [21, 16, 12, 6]
  [3, 19, 20]
  [15, 18, 8, 21]
  [13, 10, 16]
  [25, 24, 12]
  [22, 6]
Play 21 on board 0: 
Board 0: last_hit:14 score=2912
  [22, 13]
  [8, 24]
  [21, 16]
  [6, 10, 3, 18]
  [1, 12, 20, 15, 19]
  [22, 8, 21, 6, 1]
  [13, 10, 12]
  [3, 20]
  [16, 18, 15]
  [24, 19]
Play 24 on board 2: 
Board 2: last_hit:21 score=4452
  [24]
  [10, 16, 15, 19]
  [18, 8, 26, 20]
  [22, 13, 6]
  [12, 3]
  [10, 18, 22]
  [16, 8]
  [15, 13, 12]
  [24, 26, 6, 3]
  [19, 20]
ELIMINATED: Board 2: score=4512
ANOTHER REMAINS...
Play 24 on board 1: 
Board 1: last_hit:21 score=4431
  [3, 15, 22]
  [18, 13]
  [19, 8, 25]
  [20, 10, 24]
  [16, 12, 6]
  [3, 19, 20]
  [15, 18, 8]
  [13, 10, 16]
  [25, 24, 12]
  [22, 6]
Play 24 on board 0: 
Board 0: last_hit:21 score=3927
  [22, 13]
  [8, 24]
  [16]
  [6, 10, 3, 18]
  [1, 12, 20, 15, 19]
  [22, 8, 6, 1]
  [13, 10, 12]
  [3, 20]
  [16, 18, 15]
  [24, 19]
Play 10 on board 1: 
Board 1: last_hit:24 score=4488
  [3, 15, 22]
  [18, 13]
  [19, 8, 25]
  [20, 10]
  [16, 12, 6]
  [3, 19, 20]
  [15, 18, 8]
  [13, 10, 16]
  [25, 12]
  [22, 6]
Play 10 on board 0: 
Board 0: last_hit:24 score=3912
  [22, 13]
  [8]
  [16]
  [6, 10, 3, 18]
  [1, 12, 20, 15, 19]
  [22, 8, 6, 1]
  [13, 10, 12]
  [3, 20]
  [16, 18, 15]
  [19]
Play 16 on board 1: 
Board 1: last_hit:10 score=1770
  [3, 15, 22]
  [18, 13]
  [19, 8, 25]
  [20]
  [16, 12, 6]
  [3, 19, 20]
  [15, 18, 8]
  [13, 16]
  [25, 12]
  [22, 6]
Play 16 on board 0: 
Board 0: last_hit:10 score=1530
  [22, 13]
  [8]
  [16]
  [6, 3, 18]
  [1, 12, 20, 15, 19]
  [22, 8, 6, 1]
  [13, 12]
  [3, 20]
  [16, 18, 15]
  [19]
ELIMINATED: Board 0: score=2192
ANOTHER REMAINS...
Play 13 on board 1: 
Board 1: last_hit:16 score=2576
  [3, 15, 22]
  [18, 13]
  [19, 8, 25]
  [20]
  [12, 6]
  [3, 19, 20]
  [15, 18, 8]
  [13]
  [25, 12]
  [22, 6]
ELIMINATED: Board 1: score=1924
WE HAVE A WINNER!
Board 1: last_hit:13 score=1924
  [3, 15, 22]
  [18]
  [19, 8, 25]
  [20]
  [12, 6]
  [3, 19, 20]
  [15, 18, 8]
  []
  [25, 12]
  [22, 6]

The losing board: 
Board 1: score=1924
